<?xml version="1.0" encoding="UTF-8"?>
<testsuite name="com.thoughtworks.rectangle.SquareTest" tests="2" skipped="0" failures="0" errors="0" timestamp="2022-08-22T09:24:51" hostname="DESKTOP-T8K9ESC" time="0.035">
  <properties/>
  <testcase name="shouldReturnAreaAsTwentyWhenSideIsFive()" classname="com.thoughtworks.rectangle.SquareTest" time="0.033"/>
  <testcase name="shouldReturnAreaAsTwentyFiveWhenSideIsFive()" classname="com.thoughtworks.rectangle.SquareTest" time="0.001"/>
  <system-out><![CDATA[]]></system-out>
  <system-err><![CDATA[]]></system-err>
</testsuite>
